[16876:20360:1011/010454.718:INFO:components\enterprise\browser\controller\chrome_browser_cloud_management_controller.cc:206] No machine level policy manager exists.
[19288:16692:1011/010456.031:ERROR:net\socket\ssl_client_socket_impl.cc:915] handshake failed; returned -1, SSL error code 1, net_error -100
[19288:16692:1011/010456.031:ERROR:net\socket\ssl_client_socket_impl.cc:915] handshake failed; returned -1, SSL error code 1, net_error -100
[16876:20360:1011/010456.565:INFO:CONSOLE:0] "Uncaught (in promise) Failed to load script: //securepubads.g.doubleclick.net/tag/js/gpt.js?network-code=22152718", source: https://civitai.com/images?tags=5211 (0)
[16876:20360:1011/010456.566:INFO:CONSOLE:1] "%c【AdEngine】(production-47) queued at 925ms and loaded in 4ms. (civitai.com:16516-1759840911131-default) color:#2dc9ac;", source: https://adengine.snigelweb.com/civitai.com/16516-1759840911131/adngin.js (1)
[19288:16692:1011/010506.254:ERROR:net\socket\ssl_client_socket_impl.cc:915] handshake failed; returned -1, SSL error code 1, net_error -100
[19288:16692:1011/010506.483:ERROR:net\socket\ssl_client_socket_impl.cc:915] handshake failed; returned -1, SSL error code 1, net_error -100
[16876:16156:1011/010506.483:ERROR:google_apis\gcm\engine\connection_factory_impl.cc:434] Failed to connect to MCS endpoint with error -100
[16876:16156:1011/010506.500:ERROR:google_apis\gcm\engine\registration_request.cc:291] Registration response error message: DEPRECATED_ENDPOINT
[16876:16156:1011/010531.736:ERROR:google_apis\gcm\engine\registration_request.cc:291] Registration response error message: DEPRECATED_ENDPOINT
[19288:16692:1011/010548.352:ERROR:net\socket\ssl_client_socket_impl.cc:915] handshake failed; returned -1, SSL error code 1, net_error -100
[19288:16692:1011/010548.353:ERROR:net\socket\ssl_client_socket_impl.cc:915] handshake failed; returned -1, SSL error code 1, net_error -100
[16876:20360:1011/010548.888:INFO:CONSOLE:1] "%c【AdEngine】(production-47) queued at 5578ms and loaded in 0ms. (civitai.com:16516-1759840911131-default) color:#2dc9ac;", source: https://adengine.snigelweb.com/civitai.com/16516-1759840911131/adngin.js (1)
[16876:20360:1011/010548.904:INFO:CONSOLE:0] "Uncaught (in promise) Failed to load script: //securepubads.g.doubleclick.net/tag/js/gpt.js?network-code=22152718", source: https://civitai.com/images?tags=5169 (0)
[19288:16692:1011/010549.040:WARNING:net\spdy\spdy_session.cc:3074] Received HEADERS for invalid stream 39
[16876:16156:1011/010618.002:ERROR:google_apis\gcm\engine\connection_factory_impl.cc:483] ConnectionHandler failed with net error: -2
[19288:16692:1011/010618.233:ERROR:net\socket\ssl_client_socket_impl.cc:915] handshake failed; returned -1, SSL error code 1, net_error -100
[19288:16692:1011/010618.426:ERROR:net\socket\ssl_client_socket_impl.cc:915] handshake failed; returned -1, SSL error code 1, net_error -100
[16876:16156:1011/010618.426:ERROR:google_apis\gcm\engine\connection_factory_impl.cc:434] Failed to connect to MCS endpoint with error -100
[16876:16156:1011/010626.376:ERROR:google_apis\gcm\engine\registration_request.cc:291] Registration response error message: DEPRECATED_ENDPOINT
[19288:16692:1011/010637.604:ERROR:net\socket\ssl_client_socket_impl.cc:915] handshake failed; returned -1, SSL error code 1, net_error -100
[19288:16692:1011/010637.605:ERROR:net\socket\ssl_client_socket_impl.cc:915] handshake failed; returned -1, SSL error code 1, net_error -100
[16876:20360:1011/010638.102:INFO:CONSOLE:1] "%c【AdEngine】(production-47) queued at 969ms and loaded in 0ms. (civitai.com:16516-1759840911131-default) color:#2dc9ac;", source: https://adengine.snigelweb.com/civitai.com/16516-1759840911131/adngin.js (1)
[16876:20360:1011/010638.122:INFO:CONSOLE:0] "Uncaught (in promise) Failed to load script: //securepubads.g.doubleclick.net/tag/js/gpt.js?network-code=22152718", source: https://civitai.com/images?tags=111943 (0)
[19288:16692:1011/010726.848:ERROR:net\socket\ssl_client_socket_impl.cc:915] handshake failed; returned -1, SSL error code 1, net_error -100
[19288:16692:1011/010726.849:ERROR:net\socket\ssl_client_socket_impl.cc:915] handshake failed; returned -1, SSL error code 1, net_error -100
[16876:20360:1011/010726.867:INFO:CONSOLE:1] "%c【AdEngine】(production-47) queued at 1139ms and loaded in 0ms. (civitai.com:16516-1759840911131-default) color:#2dc9ac;", source: https://adengine.snigelweb.com/civitai.com/16516-1759840911131/adngin.js (1)
[16876:20360:1011/010726.873:INFO:CONSOLE:0] "Uncaught (in promise) Failed to load script: //securepubads.g.doubleclick.net/tag/js/gpt.js?network-code=22152718", source: https://civitai.com/images?tags=2435 (0)
[16876:16156:1011/010729.518:ERROR:google_apis\gcm\engine\connection_factory_impl.cc:483] ConnectionHandler failed with net error: -2
[19288:16692:1011/010729.809:ERROR:net\socket\ssl_client_socket_impl.cc:915] handshake failed; returned -1, SSL error code 1, net_error -100
[19288:16692:1011/010730.147:ERROR:net\socket\ssl_client_socket_impl.cc:915] handshake failed; returned -1, SSL error code 1, net_error -100
[16876:16156:1011/010730.147:ERROR:google_apis\gcm\engine\connection_factory_impl.cc:434] Failed to connect to MCS endpoint with error -100
[16876:16156:1011/010806.428:ERROR:google_apis\gcm\engine\registration_request.cc:291] Registration response error message: DEPRECATED_ENDPOINT
[19288:16692:1011/010815.479:ERROR:net\socket\ssl_client_socket_impl.cc:915] handshake failed; returned -1, SSL error code 1, net_error -100
[19288:16692:1011/010815.480:ERROR:net\socket\ssl_client_socket_impl.cc:915] handshake failed; returned -1, SSL error code 1, net_error -100
[16876:20360:1011/010816.064:INFO:CONSOLE:1] "%c【AdEngine】(production-47) queued at 554ms and loaded in 0ms. (civitai.com:16516-1759840911131-default) color:#2dc9ac;", source: https://adengine.snigelweb.com/civitai.com/16516-1759840911131/adngin.js (1)
[16876:20360:1011/010816.080:INFO:CONSOLE:0] "Uncaught (in promise) Failed to load script: //securepubads.g.doubleclick.net/tag/js/gpt.js?network-code=22152718", source: https://civitai.com/images?tags=5241 (0)
[16876:16156:1011/010850.289:ERROR:google_apis\gcm\engine\connection_factory_impl.cc:483] ConnectionHandler failed with net error: -2
[19288:16692:1011/010850.517:ERROR:net\socket\ssl_client_socket_impl.cc:915] handshake failed; returned -1, SSL error code 1, net_error -100
[19288:16692:1011/010850.722:ERROR:net\socket\ssl_client_socket_impl.cc:915] handshake failed; returned -1, SSL error code 1, net_error -100
[16876:16156:1011/010850.722:ERROR:google_apis\gcm\engine\connection_factory_impl.cc:434] Failed to connect to MCS endpoint with error -100
[19288:16692:1011/010907.058:ERROR:net\socket\ssl_client_socket_impl.cc:915] handshake failed; returned -1, SSL error code 1, net_error -100
[19288:16692:1011/010907.059:ERROR:net\socket\ssl_client_socket_impl.cc:915] handshake failed; returned -1, SSL error code 1, net_error -100
[16876:20360:1011/010907.640:INFO:CONSOLE:1] "%c【AdEngine】(production-47) queued at 572ms and loaded in 0ms. (civitai.com:16516-1759840911131-default) color:#2dc9ac;", source: https://adengine.snigelweb.com/civitai.com/16516-1759840911131/adngin.js (1)
[16876:20360:1011/010907.655:INFO:CONSOLE:0] "Uncaught (in promise) Failed to load script: //securepubads.g.doubleclick.net/tag/js/gpt.js?network-code=22152718", source: https://civitai.com/images?tags=4 (0)
[16876:20360:1011/010927.415:INFO:CONSOLE:0] "Access to fetch at 'https://advertising.civitai.com/api/v1/serve?placement=917b33fd-54e5-4fec-931d-5abf492056f8&name=footer&container=1904&browsingLevel=28' from origin 'https://civitai.com' has been blocked by CORS policy: No 'Access-Control-Allow-Origin' header is present on the requested resource.", source: https://civitai.com/images?tags=4 (0)
[16876:20360:1011/010927.415:INFO:CONSOLE:11] "Uncaught (in promise) TypeError: Failed to fetch", source: https://civitai.com/_next/static/chunks/pages/_app-a9c7336356c7a8d9.js (11)
[19288:16692:1011/010956.051:ERROR:net\socket\ssl_client_socket_impl.cc:915] handshake failed; returned -1, SSL error code 1, net_error -100
[19288:16692:1011/010956.052:ERROR:net\socket\ssl_client_socket_impl.cc:915] handshake failed; returned -1, SSL error code 1, net_error -100
[16876:20360:1011/010956.652:INFO:CONSOLE:1] "%c【AdEngine】(production-47) queued at 750ms and loaded in 0ms. (civitai.com:16516-1759840911131-default) color:#2dc9ac;", source: https://adengine.snigelweb.com/civitai.com/16516-1759840911131/adngin.js (1)
[16876:20360:1011/010956.668:INFO:CONSOLE:0] "Uncaught (in promise) Failed to load script: //securepubads.g.doubleclick.net/tag/js/gpt.js?network-code=22152718", source: https://civitai.com/images?tags=5193 (0)
[16876:16156:1011/011010.844:ERROR:google_apis\gcm\engine\connection_factory_impl.cc:483] ConnectionHandler failed with net error: -2
[19288:16692:1011/011011.095:ERROR:net\socket\ssl_client_socket_impl.cc:915] handshake failed; returned -1, SSL error code 1, net_error -100
[19288:16692:1011/011011.329:ERROR:net\socket\ssl_client_socket_impl.cc:915] handshake failed; returned -1, SSL error code 1, net_error -100
[16876:16156:1011/011011.329:ERROR:google_apis\gcm\engine\connection_factory_impl.cc:434] Failed to connect to MCS endpoint with error -100
[19288:16692:1011/011042.547:ERROR:net\socket\ssl_client_socket_impl.cc:915] handshake failed; returned -1, SSL error code 1, net_error -100
[19288:16692:1011/011042.548:ERROR:net\socket\ssl_client_socket_impl.cc:915] handshake failed; returned -1, SSL error code 1, net_error -100
[16876:20360:1011/011043.198:INFO:CONSOLE:1] "%c【AdEngine】(production-47) queued at 510ms and loaded in 0ms. (civitai.com:16516-1759840911131-default) color:#2dc9ac;", source: https://adengine.snigelweb.com/civitai.com/16516-1759840911131/adngin.js (1)
[16876:20360:1011/011043.223:INFO:CONSOLE:0] "Uncaught (in promise) Failed to load script: //securepubads.g.doubleclick.net/tag/js/gpt.js?network-code=22152718", source: https://civitai.com/images?tags=5133 (0)
[16876:16156:1011/011126.510:ERROR:google_apis\gcm\engine\connection_factory_impl.cc:483] ConnectionHandler failed with net error: -2
[19288:16692:1011/011126.722:ERROR:net\socket\ssl_client_socket_impl.cc:915] handshake failed; returned -1, SSL error code 1, net_error -100
[19288:16692:1011/011126.998:ERROR:net\socket\ssl_client_socket_impl.cc:915] handshake failed; returned -1, SSL error code 1, net_error -100
[16876:16156:1011/011126.998:ERROR:google_apis\gcm\engine\connection_factory_impl.cc:434] Failed to connect to MCS endpoint with error -100
[19288:16692:1011/011128.964:ERROR:net\socket\ssl_client_socket_impl.cc:915] handshake failed; returned -1, SSL error code 1, net_error -100
[19288:16692:1011/011128.965:ERROR:net\socket\ssl_client_socket_impl.cc:915] handshake failed; returned -1, SSL error code 1, net_error -100
[16876:20360:1011/011129.528:INFO:CONSOLE:1] "%c【AdEngine】(production-47) queued at 589ms and loaded in 0ms. (civitai.com:16516-1759840911131-default) color:#2dc9ac;", source: https://adengine.snigelweb.com/civitai.com/16516-1759840911131/adngin.js (1)
[16876:20360:1011/011129.543:INFO:CONSOLE:0] "Uncaught (in promise) Failed to load script: //securepubads.g.doubleclick.net/tag/js/gpt.js?network-code=22152718", source: https://civitai.com/images?tags=172 (0)
[16876:16156:1011/011130.430:ERROR:google_apis\gcm\engine\registration_request.cc:291] Registration response error message: QUOTA_EXCEEDED
